<?xml version="1.0" encoding="UTF-8"?>
<testng-results ignored="0" total="1" passed="1" failed="0" skipped="0">
  <reporter-output>
  </reporter-output>
  <suite started-at="2026-02-19T10:03:07 IST" name="Default suite" finished-at="2026-02-19T10:03:39 IST" duration-ms="32597">
    <groups>
    </groups>
    <test started-at="2026-02-19T10:03:07 IST" name="Default test" finished-at="2026-02-19T10:03:39 IST" duration-ms="32597">
      <class name="testCasesClass.TC_024_GiftShop1">
        <test-method is-config="true" signature="OPENURL()[pri:0, instance:testCasesClass.TC_024_GiftShop1@77c2494c]" started-at="2026-02-19T10:02:37 IST" name="OPENURL" finished-at="2026-02-19T10:03:07 IST" duration-ms="29442" status="PASS">
          <reporter-output>
          </reporter-output>
        </test-method> <!-- OPENURL -->
        <test-method signature="getstarted1()[pri:0, instance:testCasesClass.TC_024_GiftShop1@77c2494c]" started-at="2026-02-19T10:03:07 IST" name="getstarted1" finished-at="2026-02-19T10:03:39 IST" duration-ms="32536" status="PASS">
          <reporter-output>
          </reporter-output>
        </test-method> <!-- getstarted1 -->
        <test-method is-config="true" signature="CLOSEURL()[pri:0, instance:testCasesClass.TC_024_GiftShop1@77c2494c]" started-at="2026-02-19T10:03:39 IST" name="CLOSEURL" finished-at="2026-02-19T10:03:40 IST" duration-ms="637" status="PASS">
          <reporter-output>
          </reporter-output>
        </test-method> <!-- CLOSEURL -->
      </class> <!-- testCasesClass.TC_024_GiftShop1 -->
    </test> <!-- Default test -->
  </suite> <!-- Default suite -->
</testng-results>
