<?xml version="1.0" encoding="UTF-8"?>
<!-- Generated by org.testng.reporters.JUnitReportReporter -->
<testsuite hostname="DESKTOP-KOLQBJD" failures="0" tests="1" name="testCasesClass.TC_023_IndoorPlantLinkLeftSideOfGetInspired" time="8.467" errors="0" timestamp="2026-02-02T10:17:09 IST" skipped="0">
  <testcase classname="testCasesClass.TC_023_IndoorPlantLinkLeftSideOfGetInspired" name="indoorplantsidetogetinspired" time="8.467"/>
</testsuite> <!-- testCasesClass.TC_023_IndoorPlantLinkLeftSideOfGetInspired -->
