<?xml version="1.0" encoding="UTF-8"?>
<!-- Generated by org.testng.reporters.JUnitReportReporter -->
<testsuite hostname="DESKTOP-KOLQBJD" failures="0" tests="1" name="testCasesClass.TC_004Account" time="36.403" errors="1" timestamp="2025-10-29T12:44:07 IST" skipped="0">
  <testcase classname="testCasesClass.TC_004Account" name="clickaccount" time="36.403">
    <error message="element click intercepted: Element &lt;img src=&quot;//www.livelyroot.com/cdn/shop/files/Lively-Root-Logo_Green.png?v=1746631831&amp;amp;width=400&quot; alt=&quot;Lively Root&quot; srcset=&quot;//www.livelyroot.com/cdn/shop/files/Lively-Root-Logo_Green.png?v=1746631831&amp;amp;width=200 200w, //www.livelyroot.com/cdn/shop/files/Lively-Root-Logo_Green.png?v=1746631831&amp;amp;width=400 400w&quot; width=&quot;200&quot; height=&quot;29.140893470790374&quot; loading=&quot;eager&quot; class=&quot;small--hide image-element&quot; sizes=&quot;200px&quot; data-animate=&quot;fadein&quot;&gt; is not clickable at point (154, 67). Other element would receive the click: &lt;div class=&quot;rivo-slideout__overlay&quot; tabindex=&quot;-1&quot; data-rivo-account-slideout-micromodal-close=&quot;&quot;&gt;...&lt;/div&gt;
  (Session info: MicrosoftEdge=141.0.3537.99)
Build info: version: &#039;4.36.0&#039;, revision: &#039;6d115cfd87&#039;
System info: os.name: &#039;Windows 11&#039;, os.arch: &#039;amd64&#039;, os.version: &#039;10.0&#039;, java.version: &#039;21.0.8&#039;
Driver info: org.openqa.selenium.edge.EdgeDriver
Command: [0c2b7d93e013af6c089a8f4fbe12d062, clickElement {id=f.F35E82FCE3CB24D3F11ADC8DEA5D22AF.d.122340B6C7D592614A32B9A72544969E.e.146}]
Capabilities {acceptInsecureCerts: false, browserName: MicrosoftEdge, browserVersion: 141.0.3537.99, fedcm:accounts: true, ms:edgeOptions: {debuggerAddress: localhost:54740}, msedge: {msedgedriverVersion: 141.0.3537.99 (1b2f83d6a142..., userDataDir: C:\Users\HP\AppData\Local\T...}, networkConnectionEnabled: false, pageLoadStrategy: normal, platformName: windows, proxy: Proxy(), se:cdp: ws://localhost:54740/devtoo..., se:cdpVersion: 141.0.3537.99, setWindowRect: true, strictFileInteractability: false, timeouts: {implicit: 0, pageLoad: 300000, script: 30000}, unhandledPromptBehavior: dismiss and notify, webauthn:extension:credBlob: true, webauthn:extension:largeBlob: true, webauthn:extension:minPinLength: true, webauthn:extension:prf: true, webauthn:virtualAuthenticators: true}
Element: [[EdgeDriver: MicrosoftEdge on windows (0c2b7d93e013af6c089a8f4fbe12d062)] -&gt; xpath: //img[@class=&#039;small--hide image-element&#039;]]
Session ID: 0c2b7d93e013af6c089a8f4fbe12d062" type="org.openqa.selenium.ElementClickInterceptedException">
      <![CDATA[org.openqa.selenium.ElementClickInterceptedException: element click intercepted: Element <img src="//www.livelyroot.com/cdn/shop/files/Lively-Root-Logo_Green.png?v=1746631831&amp;width=400" alt="Lively Root" srcset="//www.livelyroot.com/cdn/shop/files/Lively-Root-Logo_Green.png?v=1746631831&amp;width=200 200w, //www.livelyroot.com/cdn/shop/files/Lively-Root-Logo_Green.png?v=1746631831&amp;width=400 400w" width="200" height="29.140893470790374" loading="eager" class="small--hide image-element" sizes="200px" data-animate="fadein"> is not clickable at point (154, 67). Other element would receive the click: <div class="rivo-slideout__overlay" tabindex="-1" data-rivo-account-slideout-micromodal-close="">...</div>
  (Session info: MicrosoftEdge=141.0.3537.99)
Build info: version: '4.36.0', revision: '6d115cfd87'
System info: os.name: 'Windows 11', os.arch: 'amd64', os.version: '10.0', java.version: '21.0.8'
Driver info: org.openqa.selenium.edge.EdgeDriver
Command: [0c2b7d93e013af6c089a8f4fbe12d062, clickElement {id=f.F35E82FCE3CB24D3F11ADC8DEA5D22AF.d.122340B6C7D592614A32B9A72544969E.e.146}]
Capabilities {acceptInsecureCerts: false, browserName: MicrosoftEdge, browserVersion: 141.0.3537.99, fedcm:accounts: true, ms:edgeOptions: {debuggerAddress: localhost:54740}, msedge: {msedgedriverVersion: 141.0.3537.99 (1b2f83d6a142..., userDataDir: C:\Users\HP\AppData\Local\T...}, networkConnectionEnabled: false, pageLoadStrategy: normal, platformName: windows, proxy: Proxy(), se:cdp: ws://localhost:54740/devtoo..., se:cdpVersion: 141.0.3537.99, setWindowRect: true, strictFileInteractability: false, timeouts: {implicit: 0, pageLoad: 300000, script: 30000}, unhandledPromptBehavior: dismiss and notify, webauthn:extension:credBlob: true, webauthn:extension:largeBlob: true, webauthn:extension:minPinLength: true, webauthn:extension:prf: true, webauthn:virtualAuthenticators: true}
Element: [[EdgeDriver: MicrosoftEdge on windows (0c2b7d93e013af6c089a8f4fbe12d062)] -> xpath: //img[@class='small--hide image-element']]
Session ID: 0c2b7d93e013af6c089a8f4fbe12d062
at java.base/jdk.internal.reflect.DirectConstructorHandleAccessor.newInstance(DirectConstructorHandleAccessor.java:62)
at java.base/java.lang.reflect.Constructor.newInstanceWithCaller(Constructor.java:502)
at java.base/java.lang.reflect.Constructor.newInstance(Constructor.java:486)
at org.openqa.selenium.remote.ErrorCodec.decode(ErrorCodec.java:167)
at org.openqa.selenium.remote.codec.w3c.W3CHttpResponseCodec.decode(W3CHttpResponseCodec.java:138)
at org.openqa.selenium.remote.codec.w3c.W3CHttpResponseCodec.decode(W3CHttpResponseCodec.java:50)
at org.openqa.selenium.remote.HttpCommandExecutor.execute(HttpCommandExecutor.java:215)
at org.openqa.selenium.remote.service.DriverCommandExecutor.invokeExecute(DriverCommandExecutor.java:216)
at org.openqa.selenium.remote.service.DriverCommandExecutor.execute(DriverCommandExecutor.java:174)
at org.openqa.selenium.remote.RemoteWebDriver.execute(RemoteWebDriver.java:557)
at org.openqa.selenium.remote.RemoteWebElement.execute(RemoteWebElement.java:223)
at org.openqa.selenium.remote.RemoteWebElement.click(RemoteWebElement.java:76)
at java.base/jdk.internal.reflect.DirectMethodHandleAccessor.invoke(DirectMethodHandleAccessor.java:103)
at java.base/java.lang.reflect.Method.invoke(Method.java:580)
at org.openqa.selenium.support.pagefactory.internal.LocatingElementHandler.invoke(LocatingElementHandler.java:51)
at jdk.proxy2/jdk.proxy2.$Proxy12.click(Unknown Source)
at pageObjectClass.Header1.clickimgtextlivelyroot(Header1.java:67)
at testCasesClass.TC_004Account.clickaccount(TC_004Account.java:36)
at java.base/jdk.internal.reflect.DirectMethodHandleAccessor.invoke(DirectMethodHandleAccessor.java:103)
at java.base/java.lang.reflect.Method.invoke(Method.java:580)
at org.testng.internal.invokers.MethodInvocationHelper.invokeMethod(MethodInvocationHelper.java:141)
at org.testng.internal.invokers.TestInvoker.invokeMethod(TestInvoker.java:687)
at org.testng.internal.invokers.TestInvoker.invokeTestMethod(TestInvoker.java:230)
at org.testng.internal.invokers.MethodRunner.runInSequence(MethodRunner.java:63)
at org.testng.internal.invokers.TestInvoker$MethodInvocationAgent.invoke(TestInvoker.java:995)
at org.testng.internal.invokers.TestInvoker.invokeTestMethods(TestInvoker.java:203)
at org.testng.internal.invokers.TestMethodWorker.invokeTestMethods(TestMethodWorker.java:154)
at org.testng.internal.invokers.TestMethodWorker.run(TestMethodWorker.java:134)
at java.base/java.util.ArrayList.forEach(ArrayList.java:1596)
at org.testng.TestRunner.privateRun(TestRunner.java:741)
at org.testng.TestRunner.run(TestRunner.java:616)
at org.testng.SuiteRunner.runTest(SuiteRunner.java:421)
at org.testng.SuiteRunner.runSequentially(SuiteRunner.java:413)
at org.testng.SuiteRunner.privateRun(SuiteRunner.java:373)
at org.testng.SuiteRunner.run(SuiteRunner.java:312)
at org.testng.SuiteRunnerWorker.runSuite(SuiteRunnerWorker.java:52)
at org.testng.SuiteRunnerWorker.run(SuiteRunnerWorker.java:95)
at org.testng.TestNG.runSuitesSequentially(TestNG.java:1274)
at org.testng.TestNG.runSuitesLocally(TestNG.java:1208)
at org.testng.TestNG.runSuites(TestNG.java:1112)
at org.testng.TestNG.run(TestNG.java:1079)
at org.testng.remote.AbstractRemoteTestNG.run(AbstractRemoteTestNG.java:115)
at org.testng.remote.RemoteTestNG.initAndRun(RemoteTestNG.java:293)
at org.testng.remote.RemoteTestNG.main(RemoteTestNG.java:91)
]]>
    </error>
  </testcase> <!-- clickaccount -->
</testsuite> <!-- testCasesClass.TC_004Account -->
